INFO: checking out_of_order...
INFO:     out_of_order check complete (0.000206 sec).
INFO: checking system...
INFO:     system check complete (0.000003 sec).
INFO: checking solvers...
INFO:     solvers check complete (0.000026 sec).
INFO: checking dup_inputs...
INFO:     dup_inputs check complete (0.000008 sec).
INFO: checking missing_recorders...
INFO:     missing_recorders check complete (0.000001 sec).
INFO: checking unserializable_options...
INFO:     unserializable_options check complete (0.000338 sec).
INFO: checking comp_has_no_outputs...
INFO:     comp_has_no_outputs check complete (0.000007 sec).
INFO: checking auto_ivc_warnings...
INFO:     auto_ivc_warnings check complete (0.000001 sec).
INFO: checking out_of_order...
INFO:     out_of_order check complete (0.000029 sec).
INFO: checking system...
INFO:     system check complete (0.000002 sec).
INFO: checking solvers...
INFO:     solvers check complete (0.000019 sec).
INFO: checking dup_inputs...
INFO:     dup_inputs check complete (0.000006 sec).
INFO: checking missing_recorders...
INFO:     missing_recorders check complete (0.000001 sec).
INFO: checking unserializable_options...
INFO:     unserializable_options check complete (0.000024 sec).
INFO: checking comp_has_no_outputs...
INFO:     comp_has_no_outputs check complete (0.000004 sec).
INFO: checking auto_ivc_warnings...
INFO:     auto_ivc_warnings check complete (0.000001 sec).
